This is e-TeX, Version 3.14159265-2.6 (BaKoMa TNS 9.0) (preloaded format=elatex 2021.3.1)  1 MAR 2021 09:39
entering extended mode
**&elatex bmp_description.tex
SRCINFO: open 1:"bmp_description.tex"
(bmp_description.tex
LaTeX2e <2017-04-15>
Babel <3.10> and hyphenation patterns for 84 language(s) loaded.
SRCINFO: open 8:"C:\BaKoMa.TeX\texmf\tex\latex\base\article.cls"
(C:\BaKoMa.TeX\texmf\tex\latex\base\article.cls
Document Class: article 2014/09/29 v1.4h Standard LaTeX document class
SRCINFO: open 10:"C:\BaKoMa.TeX\texmf\tex\latex\base\size11.clo"
(C:\BaKoMa.TeX\texmf\tex\latex\base\size11.clo
File: size11.clo 2014/09/29 v1.4h Standard LaTeX file (size option)
)
SRCINFO: cont 8:"C:\BaKoMa.TeX\texmf\tex\latex\base\article.cls"
\c@part=\count79
\c@section=\count80
\c@subsection=\count81
\c@subsubsection=\count82
\c@paragraph=\count83
\c@subparagraph=\count84
\c@figure=\count85
\c@table=\count86
\abovecaptionskip=\skip41
\belowcaptionskip=\skip42
\bibindent=\dimen102
)
SRCINFO: cont 1:"bmp_description.tex"
SRCINFO: open 8:"C:\BaKoMa.TeX\texmf\tex\latex\tcolorbox\tcolorbox.sty"

(C:\BaKoMa.TeX\texmf\tex\latex\tcolorbox\tcolorbox.sty
Package: tcolorbox 2017/04/25 version 4.03 text color boxes
SRCINFO: open 14:"C:\BaKoMa.TeX\texmf\tex\latex\pgf\basiclayer\pgf.sty"

(C:\BaKoMa.TeX\texmf\tex\latex\pgf\basiclayer\pgf.sty
SRCINFO: open 21:"C:\BaKoMa.TeX\texmf\tex\latex\pgf\utilities\pgfrcs.sty"

(C:\BaKoMa.TeX\texmf\tex\latex\pgf\utilities\pgfrcs.sty
SRCINFO: open 22:"C:\BaKoMa.TeX\texmf\tex\generic\pgf\utilities\pgfutil-common.tex"

(C:\BaKoMa.TeX\texmf\tex\generic\pgf\utilities\pgfutil-common.tex
\pgfutil@everybye=\toks14
\pgfutil@tempdima=\dimen103
\pgfutil@tempdimb=\dimen104
SRCINFO: open 23:"C:\BaKoMa.TeX\texmf\tex\generic\pgf\utilities\pgfutil-common-lists.tex"

(C:\BaKoMa.TeX\texmf\tex\generic\pgf\utilities\pgfutil-common-lists.tex)
SRCINFO: cont 22:"C:\BaKoMa.TeX\texmf\tex\generic\pgf\utilities\pgfutil-common.tex"
)
SRCINFO: cont 21:"C:\BaKoMa.TeX\texmf\tex\latex\pgf\utilities\pgfrcs.sty"
SRCINFO: open 22:"C:\BaKoMa.TeX\texmf\tex\generic\pgf\utilities\pgfutil-latex.def"

(C:\BaKoMa.TeX\texmf\tex\generic\pgf\utilities\pgfutil-latex.def
\pgfutil@abb=\box26
SRCINFO: open 29:"C:\BaKoMa.TeX\texmf\tex\latex\ms\everyshi.sty"

(C:\BaKoMa.TeX\texmf\tex\latex\ms\everyshi.sty
Package: everyshi 2001/05/15 v3.00 EveryShipout Package (MS)
)
SRCINFO: cont 22:"C:\BaKoMa.TeX\texmf\tex\generic\pgf\utilities\pgfutil-latex.def"
)
SRCINFO: cont 21:"C:\BaKoMa.TeX\texmf\tex\latex\pgf\utilities\pgfrcs.sty"
SRCINFO: open 23:"C:\BaKoMa.TeX\texmf\tex\generic\pgf\utilities\pgfrcs.code.tex"

(C:\BaKoMa.TeX\texmf\tex\generic\pgf\utilities\pgfrcs.code.tex
Package: pgfrcs 2015/08/07 v3.0.1a (rcs-revision 1.31)
)
SRCINFO: cont 21:"C:\BaKoMa.TeX\texmf\tex\latex\pgf\utilities\pgfrcs.sty"
)
SRCINFO: cont 14:"C:\BaKoMa.TeX\texmf\tex\latex\pgf\basiclayer\pgf.sty"
Package: pgf 2015/08/07 v3.0.1a (rcs-revision 1.15)
SRCINFO: open 21:"C:\BaKoMa.TeX\texmf\tex\latex\pgf\basiclayer\pgfcore.sty"

(C:\BaKoMa.TeX\texmf\tex\latex\pgf\basiclayer\pgfcore.sty
SRCINFO: open 28:"C:\BaKoMa.TeX\texmf\tex\latex\graphics\graphicx.sty"

(C:\BaKoMa.TeX\texmf\tex\latex\graphics\graphicx.sty
Package: graphicx 2017/06/01 v1.1a Enhanced LaTeX Graphics (DPC,SPQR)
SRCINFO: open 35:"C:\BaKoMa.TeX\texmf\tex\latex\graphics\keyval.sty"

(C:\BaKoMa.TeX\texmf\tex\latex\graphics\keyval.sty
Package: keyval 2014/10/28 v1.15 key=value parser (DPC)
\KV@toks@=\toks15
)
SRCINFO: cont 28:"C:\BaKoMa.TeX\texmf\tex\latex\graphics\graphicx.sty"
SRCINFO: open 35:"C:\BaKoMa.TeX\texmf\tex\latex\graphics\graphics.sty"

(C:\BaKoMa.TeX\texmf\tex\latex\graphics\graphics.sty
Package: graphics 2017/06/01 v1.2a Standard LaTeX Graphics (DPC,SPQR)
SRCINFO: open 42:"C:\BaKoMa.TeX\texmf\tex\latex\graphics\trig.sty"

(C:\BaKoMa.TeX\texmf\tex\latex\graphics\trig.sty
Package: trig 2016/01/03 v1.10 sin cos tan (DPC)
)
SRCINFO: cont 35:"C:\BaKoMa.TeX\texmf\tex\latex\graphics\graphics.sty"
SRCINFO: open 37:"C:\BaKoMa.TeX\BaKoMa\tex\latex\GRAPHICS.CFG"

(C:\BaKoMa.TeX\BaKoMa\tex\latex\GRAPHICS.CFG)
SRCINFO: cont 35:"C:\BaKoMa.TeX\texmf\tex\latex\graphics\graphics.sty"
Package graphics Info: Driver file: dvips.def on input line 99.
SRCINFO: open 37:"C:\BaKoMa.TeX\BaKoMa\tex\latex\dvips.def"

(C:\BaKoMa.TeX\BaKoMa\tex\latex\dvips.def
File: dvips.def 2018/06/03 V 11.70 (BaKoMa TeX)
 (+ BaKoMa TeX 11.70 Extensions))
SRCINFO: cont 35:"C:\BaKoMa.TeX\texmf\tex\latex\graphics\graphics.sty"
)
SRCINFO: cont 28:"C:\BaKoMa.TeX\texmf\tex\latex\graphics\graphicx.sty"
\Gin@req@height=\dimen105
\Gin@req@width=\dimen106
)
SRCINFO: cont 21:"C:\BaKoMa.TeX\texmf\tex\latex\pgf\basiclayer\pgfcore.sty"
SRCINFO: open 28:"C:\BaKoMa.TeX\texmf\tex\latex\pgf\systemlayer\pgfsys.sty"

(C:\BaKoMa.TeX\texmf\tex\latex\pgf\systemlayer\pgfsys.sty
SRCINFO: open 30:"C:\BaKoMa.TeX\texmf\tex\generic\pgf\systemlayer\pgfsys.code.tex"

(C:\BaKoMa.TeX\texmf\tex\generic\pgf\systemlayer\pgfsys.code.tex
Package: pgfsys 2014/07/09 v3.0.1a (rcs-revision 1.48)
SRCINFO: open 31:"C:\BaKoMa.TeX\texmf\tex\generic\pgf\utilities\pgfkeys.code.tex"

(C:\BaKoMa.TeX\texmf\tex\generic\pgf\utilities\pgfkeys.code.tex
\pgfkeys@pathtoks=\toks16
\pgfkeys@temptoks=\toks17
SRCINFO: open 32:"C:\BaKoMa.TeX\texmf\tex\generic\pgf\utilities\pgfkeysfiltered.code.tex"

(C:\BaKoMa.TeX\texmf\tex\generic\pgf\utilities\pgfkeysfiltered.code.tex
\pgfkeys@tmptoks=\toks18
)
SRCINFO: cont 31:"C:\BaKoMa.TeX\texmf\tex\generic\pgf\utilities\pgfkeys.code.tex"
)
SRCINFO: cont 30:"C:\BaKoMa.TeX\texmf\tex\generic\pgf\systemlayer\pgfsys.code.tex"
\pgf@x=\dimen107
\pgf@y=\dimen108
\pgf@xa=\dimen109
\pgf@ya=\dimen110
\pgf@xb=\dimen111
\pgf@yb=\dimen112
\pgf@xc=\dimen113
\pgf@yc=\dimen114
\w@pgf@writea=\write3
\r@pgf@reada=\read1
\c@pgf@counta=\count87
\c@pgf@countb=\count88
\c@pgf@countc=\count89
\c@pgf@countd=\count90
\t@pgf@toka=\toks19
\t@pgf@tokb=\toks20
\t@pgf@tokc=\toks21
SRCINFO: open 31:"C:\BaKoMa.TeX\texmf\tex\generic\pgf\systemlayer\pgf.cfg"

(C:\BaKoMa.TeX\texmf\tex\generic\pgf\systemlayer\pgf.cfg
File: pgf.cfg 2008/05/14  (rcs-revision 1.7)
)
SRCINFO: cont 30:"C:\BaKoMa.TeX\texmf\tex\generic\pgf\systemlayer\pgfsys.code.tex"
Driver file for pgf: pgfsys-dvips.def
SRCINFO: open 33:"C:\BaKoMa.TeX\texmf\tex\generic\pgf\systemlayer\pgfsys-dvips.def"

(C:\BaKoMa.TeX\texmf\tex\generic\pgf\systemlayer\pgfsys-dvips.def
File: pgfsys-dvips.def 2014/07/09  (rcs-revision 1.25)
SRCINFO: open 34:"C:\BaKoMa.TeX\texmf\tex\generic\pgf\systemlayer\pgfsys-common-postscript.def"

(C:\BaKoMa.TeX\texmf\tex\generic\pgf\systemlayer\pgfsys-common-postscript.def
File: pgfsys-common-postscript.def 2008/10/01  (rcs-revision 1.22)
\pgf@objectcount=\count91
)
SRCINFO: cont 33:"C:\BaKoMa.TeX\texmf\tex\generic\pgf\systemlayer\pgfsys-dvips.def"
)
SRCINFO: cont 30:"C:\BaKoMa.TeX\texmf\tex\generic\pgf\systemlayer\pgfsys.code.tex"
)
SRCINFO: cont 28:"C:\BaKoMa.TeX\texmf\tex\latex\pgf\systemlayer\pgfsys.sty"
SRCINFO: open 30:"C:\BaKoMa.TeX\texmf\tex\generic\pgf\systemlayer\pgfsyssoftpath.code.tex"
 (C:\BaKoMa.TeX\texmf\tex\generic\pgf\systemlayer\pgfsyssoftpath.code.tex
File: pgfsyssoftpath.code.tex 2013/09/09  (rcs-revision 1.9)
\pgfsyssoftpath@smallbuffer@items=\count92
\pgfsyssoftpath@bigbuffer@items=\count93
)
SRCINFO: cont 28:"C:\BaKoMa.TeX\texmf\tex\latex\pgf\systemlayer\pgfsys.sty"
SRCINFO: open 30:"C:\BaKoMa.TeX\texmf\tex\generic\pgf\systemlayer\pgfsysprotocol.code.tex"

(C:\BaKoMa.TeX\texmf\tex\generic\pgf\systemlayer\pgfsysprotocol.code.tex
File: pgfsysprotocol.code.tex 2006/10/16  (rcs-revision 1.4)
)
SRCINFO: cont 28:"C:\BaKoMa.TeX\texmf\tex\latex\pgf\systemlayer\pgfsys.sty"
)
SRCINFO: cont 21:"C:\BaKoMa.TeX\texmf\tex\latex\pgf\basiclayer\pgfcore.sty"
SRCINFO: open 28:"C:\BaKoMa.TeX\texmf\tex\latex\xcolor\xcolor.sty"

(C:\BaKoMa.TeX\texmf\tex\latex\xcolor\xcolor.sty
Package: xcolor 2016/05/11 v2.12 LaTeX color extensions (UK)
SRCINFO: open 30:"C:\BaKoMa.TeX\BaKoMa\tex\latex\COLOR.CFG"

(C:\BaKoMa.TeX\BaKoMa\tex\latex\COLOR.CFG)
SRCINFO: cont 28:"C:\BaKoMa.TeX\texmf\tex\latex\xcolor\xcolor.sty"
Package xcolor Info: Driver file: dvips.def on input line 225.
Package xcolor Info: Model `cmy' substituted by `cmy0' on input line 1348.
Package xcolor Info: Model `RGB' extended on input line 1364.
Package xcolor Info: Model `HTML' substituted by `rgb' on input line 1366.
Package xcolor Info: Model `Hsb' substituted by `hsb' on input line 1367.
Package xcolor Info: Model `tHsb' substituted by `hsb' on input line 1368.
Package xcolor Info: Model `HSB' substituted by `hsb' on input line 1369.
Package xcolor Info: Model `Gray' substituted by `gray' on input line 1370.
Package xcolor Info: Model `wave' substituted by `hsb' on input line 1371.
)
SRCINFO: cont 21:"C:\BaKoMa.TeX\texmf\tex\latex\pgf\basiclayer\pgfcore.sty"
SRCINFO: open 23:"C:\BaKoMa.TeX\texmf\tex\generic\pgf\basiclayer\pgfcore.code.tex"

(C:\BaKoMa.TeX\texmf\tex\generic\pgf\basiclayer\pgfcore.code.tex
Package: pgfcore 2010/04/11 v3.0.1a (rcs-revision 1.7)
SRCINFO: open 24:"C:\BaKoMa.TeX\texmf\tex\generic\pgf\math\pgfmath.code.tex"

(C:\BaKoMa.TeX\texmf\tex\generic\pgf\math\pgfmath.code.tex
SRCINFO: open 25:"C:\BaKoMa.TeX\texmf\tex\generic\pgf\math\pgfmathcalc.code.tex"

(C:\BaKoMa.TeX\texmf\tex\generic\pgf\math\pgfmathcalc.code.tex
SRCINFO: open 26:"C:\BaKoMa.TeX\texmf\tex\generic\pgf\math\pgfmathutil.code.tex"

(C:\BaKoMa.TeX\texmf\tex\generic\pgf\math\pgfmathutil.code.tex)
SRCINFO: cont 25:"C:\BaKoMa.TeX\texmf\tex\generic\pgf\math\pgfmathcalc.code.tex"
SRCINFO: open 26:"C:\BaKoMa.TeX\texmf\tex\generic\pgf\math\pgfmathparser.code.tex"

(C:\BaKoMa.TeX\texmf\tex\generic\pgf\math\pgfmathparser.code.tex
\pgfmath@dimen=\dimen115
\pgfmath@count=\count94
\pgfmath@box=\box27
\pgfmath@toks=\toks22
\pgfmath@stack@operand=\toks23
\pgfmath@stack@operation=\toks24
)
SRCINFO: cont 25:"C:\BaKoMa.TeX\texmf\tex\generic\pgf\math\pgfmathcalc.code.tex"
SRCINFO: open 26:"C:\BaKoMa.TeX\texmf\tex\generic\pgf\math\pgfmathfunctions.code.tex"

(C:\BaKoMa.TeX\texmf\tex\generic\pgf\math\pgfmathfunctions.code.tex
SRCINFO: open 27:"C:\BaKoMa.TeX\texmf\tex\generic\pgf\math\pgfmathfunctions.basic.code.tex"

(C:\BaKoMa.TeX\texmf\tex\generic\pgf\math\pgfmathfunctions.basic.code.tex)
SRCINFO: cont 26:"C:\BaKoMa.TeX\texmf\tex\generic\pgf\math\pgfmathfunctions.code.tex"
SRCINFO: open 27:"C:\BaKoMa.TeX\texmf\tex\generic\pgf\math\pgfmathfunctions.trigonometric.code.te
x"

(C:\BaKoMa.TeX\texmf\tex\generic\pgf\math\pgfmathfunctions.trigonometric.code.t
ex)
SRCINFO: cont 26:"C:\BaKoMa.TeX\texmf\tex\generic\pgf\math\pgfmathfunctions.code.tex"
SRCINFO: open 27:"C:\BaKoMa.TeX\texmf\tex\generic\pgf\math\pgfmathfunctions.random.code.tex"
 (C:\BaKoMa.TeX\texmf\tex\generic\pgf\math\pgfmathfunctions.random.code.tex)
SRCINFO: cont 26:"C:\BaKoMa.TeX\texmf\tex\generic\pgf\math\pgfmathfunctions.code.tex"
SRCINFO: open 27:"C:\BaKoMa.TeX\texmf\tex\generic\pgf\math\pgfmathfunctions.comparison.code.tex"
(C:\BaKoMa.TeX\texmf\tex\generic\pgf\math\pgfmathfunctions.comparison.code.tex)
SRCINFO: cont 26:"C:\BaKoMa.TeX\texmf\tex\generic\pgf\math\pgfmathfunctions.code.tex"
SRCINFO: open 27:"C:\BaKoMa.TeX\texmf\tex\generic\pgf\math\pgfmathfunctions.base.code.tex"
(C:\BaKoMa.TeX\texmf\tex\generic\pgf\math\pgfmathfunctions.base.code.tex)
SRCINFO: cont 26:"C:\BaKoMa.TeX\texmf\tex\generic\pgf\math\pgfmathfunctions.code.tex"
SRCINFO: open 27:"C:\BaKoMa.TeX\texmf\tex\generic\pgf\math\pgfmathfunctions.round.code.tex"

(C:\BaKoMa.TeX\texmf\tex\generic\pgf\math\pgfmathfunctions.round.code.tex)
SRCINFO: cont 26:"C:\BaKoMa.TeX\texmf\tex\generic\pgf\math\pgfmathfunctions.code.tex"
SRCINFO: open 27:"C:\BaKoMa.TeX\texmf\tex\generic\pgf\math\pgfmathfunctions.misc.code.tex"

(C:\BaKoMa.TeX\texmf\tex\generic\pgf\math\pgfmathfunctions.misc.code.tex)
SRCINFO: cont 26:"C:\BaKoMa.TeX\texmf\tex\generic\pgf\math\pgfmathfunctions.code.tex"
SRCINFO: open 27:"C:\BaKoMa.TeX\texmf\tex\generic\pgf\math\pgfmathfunctions.integerarithmetics.co
de.tex"

(C:\BaKoMa.TeX\texmf\tex\generic\pgf\math\pgfmathfunctions.integerarithmetics.c
ode.tex)
SRCINFO: cont 26:"C:\BaKoMa.TeX\texmf\tex\generic\pgf\math\pgfmathfunctions.code.tex"
)
SRCINFO: cont 25:"C:\BaKoMa.TeX\texmf\tex\generic\pgf\math\pgfmathcalc.code.tex"
)
SRCINFO: cont 24:"C:\BaKoMa.TeX\texmf\tex\generic\pgf\math\pgfmath.code.tex"
SRCINFO: open 25:"C:\BaKoMa.TeX\texmf\tex\generic\pgf\math\pgfmathfloat.code.tex"
 (C:\BaKoMa.TeX\texmf\tex\generic\pgf\math\pgfmathfloat.code.tex
\c@pgfmathroundto@lastzeros=\count95
)
SRCINFO: cont 24:"C:\BaKoMa.TeX\texmf\tex\generic\pgf\math\pgfmath.code.tex"
)
SRCINFO: cont 23:"C:\BaKoMa.TeX\texmf\tex\generic\pgf\basiclayer\pgfcore.code.tex"
SRCINFO: open 24:"C:\BaKoMa.TeX\texmf\tex\generic\pgf\basiclayer\pgfcorepoints.code.tex"

(C:\BaKoMa.TeX\texmf\tex\generic\pgf\basiclayer\pgfcorepoints.code.tex
File: pgfcorepoints.code.tex 2013/10/07  (rcs-revision 1.27)
\pgf@picminx=\dimen116
\pgf@picmaxx=\dimen117
\pgf@picminy=\dimen118
\pgf@picmaxy=\dimen119
\pgf@pathminx=\dimen120
\pgf@pathmaxx=\dimen121
\pgf@pathminy=\dimen122
\pgf@pathmaxy=\dimen123
\pgf@xx=\dimen124
\pgf@xy=\dimen125
\pgf@yx=\dimen126
\pgf@yy=\dimen127
\pgf@zx=\dimen128
\pgf@zy=\dimen129
)
SRCINFO: cont 23:"C:\BaKoMa.TeX\texmf\tex\generic\pgf\basiclayer\pgfcore.code.tex"
SRCINFO: open 24:"C:\BaKoMa.TeX\texmf\tex\generic\pgf\basiclayer\pgfcorepathconstruct.code.tex"

(C:\BaKoMa.TeX\texmf\tex\generic\pgf\basiclayer\pgfcorepathconstruct.code.tex
File: pgfcorepathconstruct.code.tex 2013/10/07  (rcs-revision 1.29)
\pgf@path@lastx=\dimen130
\pgf@path@lasty=\dimen131
)
SRCINFO: cont 23:"C:\BaKoMa.TeX\texmf\tex\generic\pgf\basiclayer\pgfcore.code.tex"
SRCINFO: open 24:"C:\BaKoMa.TeX\texmf\tex\generic\pgf\basiclayer\pgfcorepathusage.code.tex"

(C:\BaKoMa.TeX\texmf\tex\generic\pgf\basiclayer\pgfcorepathusage.code.tex
File: pgfcorepathusage.code.tex 2014/11/02  (rcs-revision 1.24)
\pgf@shorten@end@additional=\dimen132
\pgf@shorten@start@additional=\dimen133
)
SRCINFO: cont 23:"C:\BaKoMa.TeX\texmf\tex\generic\pgf\basiclayer\pgfcore.code.tex"
SRCINFO: open 24:"C:\BaKoMa.TeX\texmf\tex\generic\pgf\basiclayer\pgfcorescopes.code.tex"

(C:\BaKoMa.TeX\texmf\tex\generic\pgf\basiclayer\pgfcorescopes.code.tex
File: pgfcorescopes.code.tex 2015/05/08  (rcs-revision 1.46)
\pgfpic=\box28
\pgf@hbox=\box29
\pgf@layerbox@main=\box30
\pgf@picture@serial@count=\count96
)
SRCINFO: cont 23:"C:\BaKoMa.TeX\texmf\tex\generic\pgf\basiclayer\pgfcore.code.tex"
SRCINFO: open 24:"C:\BaKoMa.TeX\texmf\tex\generic\pgf\basiclayer\pgfcoregraphicstate.code.tex"

(C:\BaKoMa.TeX\texmf\tex\generic\pgf\basiclayer\pgfcoregraphicstate.code.tex
File: pgfcoregraphicstate.code.tex 2014/11/02  (rcs-revision 1.12)
\pgflinewidth=\dimen134
)
SRCINFO: cont 23:"C:\BaKoMa.TeX\texmf\tex\generic\pgf\basiclayer\pgfcore.code.tex"
SRCINFO: open 24:"C:\BaKoMa.TeX\texmf\tex\generic\pgf\basiclayer\pgfcoretransformations.code.tex"

(C:\BaKoMa.TeX\texmf\tex\generic\pgf\basiclayer\pgfcoretransformations.code.tex
File: pgfcoretransformations.code.tex 2015/08/07  (rcs-revision 1.20)
\pgf@pt@x=\dimen135
\pgf@pt@y=\dimen136
\pgf@pt@temp=\dimen137
)
SRCINFO: cont 23:"C:\BaKoMa.TeX\texmf\tex\generic\pgf\basiclayer\pgfcore.code.tex"
SRCINFO: open 24:"C:\BaKoMa.TeX\texmf\tex\generic\pgf\basiclayer\pgfcorequick.code.tex"
 (C:\BaKoMa.TeX\texmf\tex\generic\pgf\basiclayer\pgfcorequick.code.tex
File: pgfcorequick.code.tex 2008/10/09  (rcs-revision 1.3)
)
SRCINFO: cont 23:"C:\BaKoMa.TeX\texmf\tex\generic\pgf\basiclayer\pgfcore.code.tex"
SRCINFO: open 24:"C:\BaKoMa.TeX\texmf\tex\generic\pgf\basiclayer\pgfcoreobjects.code.tex"

(C:\BaKoMa.TeX\texmf\tex\generic\pgf\basiclayer\pgfcoreobjects.code.tex
File: pgfcoreobjects.code.tex 2006/10/11  (rcs-revision 1.2)
)
SRCINFO: cont 23:"C:\BaKoMa.TeX\texmf\tex\generic\pgf\basiclayer\pgfcore.code.tex"
SRCINFO: open 24:"C:\BaKoMa.TeX\texmf\tex\generic\pgf\basiclayer\pgfcorepathprocessing.code.tex"

(C:\BaKoMa.TeX\texmf\tex\generic\pgf\basiclayer\pgfcorepathprocessing.code.tex
File: pgfcorepathprocessing.code.tex 2013/09/09  (rcs-revision 1.9)
)
SRCINFO: cont 23:"C:\BaKoMa.TeX\texmf\tex\generic\pgf\basiclayer\pgfcore.code.tex"
SRCINFO: open 24:"C:\BaKoMa.TeX\texmf\tex\generic\pgf\basiclayer\pgfcorearrows.code.tex"
(C:\BaKoMa.TeX\texmf\tex\generic\pgf\basiclayer\pgfcorearrows.code.tex
File: pgfcorearrows.code.tex 2015/05/14  (rcs-revision 1.43)
\pgfarrowsep=\dimen138
)
SRCINFO: cont 23:"C:\BaKoMa.TeX\texmf\tex\generic\pgf\basiclayer\pgfcore.code.tex"
SRCINFO: open 24:"C:\BaKoMa.TeX\texmf\tex\generic\pgf\basiclayer\pgfcoreshade.code.tex"

(C:\BaKoMa.TeX\texmf\tex\generic\pgf\basiclayer\pgfcoreshade.code.tex
File: pgfcoreshade.code.tex 2013/07/15  (rcs-revision 1.15)
\pgf@max=\dimen139
\pgf@sys@shading@range@num=\count97
)
SRCINFO: cont 23:"C:\BaKoMa.TeX\texmf\tex\generic\pgf\basiclayer\pgfcore.code.tex"
SRCINFO: open 24:"C:\BaKoMa.TeX\texmf\tex\generic\pgf\basiclayer\pgfcoreimage.code.tex"

(C:\BaKoMa.TeX\texmf\tex\generic\pgf\basiclayer\pgfcoreimage.code.tex
File: pgfcoreimage.code.tex 2013/07/15  (rcs-revision 1.18)
SRCINFO: open 25:"C:\BaKoMa.TeX\texmf\tex\generic\pgf\basiclayer\pgfcoreexternal.code.tex"

(C:\BaKoMa.TeX\texmf\tex\generic\pgf\basiclayer\pgfcoreexternal.code.tex
File: pgfcoreexternal.code.tex 2014/07/09  (rcs-revision 1.21)
\pgfexternal@startupbox=\box31
)
SRCINFO: cont 24:"C:\BaKoMa.TeX\texmf\tex\generic\pgf\basiclayer\pgfcoreimage.code.tex"
)
SRCINFO: cont 23:"C:\BaKoMa.TeX\texmf\tex\generic\pgf\basiclayer\pgfcore.code.tex"
SRCINFO: open 24:"C:\BaKoMa.TeX\texmf\tex\generic\pgf\basiclayer\pgfcorelayers.code.tex"

(C:\BaKoMa.TeX\texmf\tex\generic\pgf\basiclayer\pgfcorelayers.code.tex
File: pgfcorelayers.code.tex 2013/07/18  (rcs-revision 1.7)
)
SRCINFO: cont 23:"C:\BaKoMa.TeX\texmf\tex\generic\pgf\basiclayer\pgfcore.code.tex"
SRCINFO: open 24:"C:\BaKoMa.TeX\texmf\tex\generic\pgf\basiclayer\pgfcoretransparency.code.tex"

(C:\BaKoMa.TeX\texmf\tex\generic\pgf\basiclayer\pgfcoretransparency.code.tex
File: pgfcoretransparency.code.tex 2013/09/30  (rcs-revision 1.5)
)
SRCINFO: cont 23:"C:\BaKoMa.TeX\texmf\tex\generic\pgf\basiclayer\pgfcore.code.tex"
SRCINFO: open 24:"C:\BaKoMa.TeX\texmf\tex\generic\pgf\basiclayer\pgfcorepatterns.code.tex"

(C:\BaKoMa.TeX\texmf\tex\generic\pgf\basiclayer\pgfcorepatterns.code.tex
File: pgfcorepatterns.code.tex 2013/11/07  (rcs-revision 1.5)
)
SRCINFO: cont 23:"C:\BaKoMa.TeX\texmf\tex\generic\pgf\basiclayer\pgfcore.code.tex"
)
SRCINFO: cont 21:"C:\BaKoMa.TeX\texmf\tex\latex\pgf\basiclayer\pgfcore.sty"
)
SRCINFO: cont 14:"C:\BaKoMa.TeX\texmf\tex\latex\pgf\basiclayer\pgf.sty"
SRCINFO: open 18:"C:\BaKoMa.TeX\texmf\tex\generic\pgf\modules\pgfmoduleshapes.code.tex"

(C:\BaKoMa.TeX\texmf\tex\generic\pgf\modules\pgfmoduleshapes.code.tex
File: pgfmoduleshapes.code.tex 2014/03/21  (rcs-revision 1.35)
\pgfnodeparttextbox=\box32
)
SRCINFO: cont 14:"C:\BaKoMa.TeX\texmf\tex\latex\pgf\basiclayer\pgf.sty"
SRCINFO: open 18:"C:\BaKoMa.TeX\texmf\tex\generic\pgf\modules\pgfmoduleplot.code.tex"

(C:\BaKoMa.TeX\texmf\tex\generic\pgf\modules\pgfmoduleplot.code.tex
File: pgfmoduleplot.code.tex 2015/08/03  (rcs-revision 1.13)
)
SRCINFO: cont 14:"C:\BaKoMa.TeX\texmf\tex\latex\pgf\basiclayer\pgf.sty"
SRCINFO: open 21:"C:\BaKoMa.TeX\texmf\tex\latex\pgf\compatibility\pgfcomp-version-0-65.sty"

(C:\BaKoMa.TeX\texmf\tex\latex\pgf\compatibility\pgfcomp-version-0-65.sty
Package: pgfcomp-version-0-65 2007/07/03 v3.0.1a (rcs-revision 1.7)
\pgf@nodesepstart=\dimen140
\pgf@nodesepend=\dimen141
)
SRCINFO: cont 14:"C:\BaKoMa.TeX\texmf\tex\latex\pgf\basiclayer\pgf.sty"
SRCINFO: open 21:"C:\BaKoMa.TeX\texmf\tex\latex\pgf\compatibility\pgfcomp-version-1-18.sty"

(C:\BaKoMa.TeX\texmf\tex\latex\pgf\compatibility\pgfcomp-version-1-18.sty
Package: pgfcomp-version-1-18 2007/07/23 v3.0.1a (rcs-revision 1.1)
)
SRCINFO: cont 14:"C:\BaKoMa.TeX\texmf\tex\latex\pgf\basiclayer\pgf.sty"
)
SRCINFO: cont 8:"C:\BaKoMa.TeX\texmf\tex\latex\tcolorbox\tcolorbox.sty"
SRCINFO: open 14:"C:\BaKoMa.TeX\texmf\tex\latex\tools\verbatim.sty"

(C:\BaKoMa.TeX\texmf\tex\latex\tools\verbatim.sty
Package: verbatim 2014/10/28 v1.5q LaTeX2e package for verbatim enhancements
\every@verbatim=\toks25
\verbatim@line=\toks26
\verbatim@in@stream=\read2
)
SRCINFO: cont 8:"C:\BaKoMa.TeX\texmf\tex\latex\tcolorbox\tcolorbox.sty"
SRCINFO: open 14:"C:\BaKoMa.TeX\texmf\tex\latex\environ\environ.sty"

(C:\BaKoMa.TeX\texmf\tex\latex\environ\environ.sty
Package: environ 2014/05/04 v0.3 A new way to define environments
SRCINFO: open 21:"C:\BaKoMa.TeX\texmf\tex\latex\trimspaces\trimspaces.sty"

(C:\BaKoMa.TeX\texmf\tex\latex\trimspaces\trimspaces.sty
Package: trimspaces 2009/09/17 v1.1 Trim spaces around a token list
)
SRCINFO: cont 14:"C:\BaKoMa.TeX\texmf\tex\latex\environ\environ.sty"
\@envbody=\toks27
)
SRCINFO: cont 8:"C:\BaKoMa.TeX\texmf\tex\latex\tcolorbox\tcolorbox.sty"
SRCINFO: open 14:"C:\BaKoMa.TeX\texmf\tex\latex\etoolbox\etoolbox.sty"

(C:\BaKoMa.TeX\texmf\tex\latex\etoolbox\etoolbox.sty
Package: etoolbox 2017/01/02 v2.4 e-TeX tools for LaTeX (JAW)
\etb@tempcnta=\count98
SRCINFO: cont 14:"C:\BaKoMa.TeX\texmf\tex\latex\etoolbox\etoolbox.sty"
SRCINFO: cont 14:"C:\BaKoMa.TeX\texmf\tex\latex\etoolbox\etoolbox.sty"
SRCINFO: cont 14:"C:\BaKoMa.TeX\texmf\tex\latex\etoolbox\etoolbox.sty"
SRCINFO: cont 14:"C:\BaKoMa.TeX\texmf\tex\latex\etoolbox\etoolbox.sty"
SRCINFO: cont 14:"C:\BaKoMa.TeX\texmf\tex\latex\etoolbox\etoolbox.sty"
SRCINFO: cont 14:"C:\BaKoMa.TeX\texmf\tex\latex\etoolbox\etoolbox.sty"
SRCINFO: cont 14:"C:\BaKoMa.TeX\texmf\tex\latex\etoolbox\etoolbox.sty"
SRCINFO: cont 14:"C:\BaKoMa.TeX\texmf\tex\latex\etoolbox\etoolbox.sty"
SRCINFO: cont 14:"C:\BaKoMa.TeX\texmf\tex\latex\etoolbox\etoolbox.sty"
SRCINFO: cont 14:"C:\BaKoMa.TeX\texmf\tex\latex\etoolbox\etoolbox.sty"
)
SRCINFO: cont 8:"C:\BaKoMa.TeX\texmf\tex\latex\tcolorbox\tcolorbox.sty"
\tcb@titlebox=\box33
\tcb@upperbox=\box34
\tcb@lowerbox=\box35
\tcb@phantombox=\box36
\c@tcbbreakpart=\count99
\c@tcblayer=\count100
\tcolorbox@number=\count101
\tcb@temp=\box37
\tcb@temp=\box38
\tcb@temp=\box39
\tcb@temp=\box40
\tcb@out=\write4
\tcb@record@out=\write5
SRCINFO: open 16:"C:\BaKoMa.TeX\texmf\tex\latex\tcolorbox\tcbbreakable.code.tex"

(C:\BaKoMa.TeX\texmf\tex\latex\tcolorbox\tcbbreakable.code.tex
Library (tcolorbox): 'tcbbreakable.code.tex' version '4.03'
\tcb@testbox=\box41
\tcb@totalupperbox=\box42
\tcb@totallowerbox=\box43
)
SRCINFO: cont 8:"C:\BaKoMa.TeX\texmf\tex\latex\tcolorbox\tcolorbox.sty"
)
SRCINFO: cont 1:"bmp_description.tex"
SRCINFO: open 8:"C:\BaKoMa.TeX\texmf\tex\latex\parskip\parskip.sty"
 (C:\BaKoMa.TeX\texmf\tex\latex\parskip\parskip.sty
Package: parskip 2001/04/09 non-zero parskip adjustments
)
SRCINFO: cont 1:"bmp_description.tex"
SRCINFO: open 8:"C:\BaKoMa.TeX\texmf\tex\generic\iftex\iftex.sty"

(C:\BaKoMa.TeX\texmf\tex\generic\iftex\iftex.sty
Package: iftex 2013/04/04 v0.2 Provides if(tex) conditional for PDFTeX, XeTeX, 
and LuaTeX
)
SRCINFO: cont 1:"bmp_description.tex"
SRCINFO: open 8:"C:\BaKoMa.TeX\BaKoMa\tex\etex\fontspec-etex\fontspec.sty"

(C:\BaKoMa.TeX\BaKoMa\tex\etex\fontspec-etex\fontspec.sty
SRCINFO: open 10:"C:\BaKoMa.TeX\BaKoMa\tex\etex\fontspec-etex\fontspec-etex.sty"

(C:\BaKoMa.TeX\BaKoMa\tex\etex\fontspec-etex\fontspec-etex.sty

LaTeX Warning: You have requested package `fontspec',
               but the package provides `fontspec-etex'.

Package: fontspec-etex 2018/04/06 V 0.5 ***SIMPLIFIED*** emulation of fontspec 
syntax for e-LaTeX,(fontspec is Font selection for XeLaTeX and LuaLaTeX)
SRCINFO: open 17:"C:\BaKoMa.TeX\texmf\tex\generic\xstring\xstring.sty"
(C:\BaKoMa.TeX\texmf\tex\generic\xstring\xstring.sty
SRCINFO: open 18:"C:\BaKoMa.TeX\texmf\tex\generic\xstring\xstring.tex"

(C:\BaKoMa.TeX\texmf\tex\generic\xstring\xstring.tex
\@xs@message=\write6
\integerpart=\count102
\decimalpart=\count103
)
SRCINFO: cont 17:"C:\BaKoMa.TeX\texmf\tex\generic\xstring\xstring.sty"
Package: xstring 2013/10/13  v1.7c  String manipulations (C Tellechea)
)
SRCINFO: cont 10:"C:\BaKoMa.TeX\BaKoMa\tex\etex\fontspec-etex\fontspec-etex.sty"
)
SRCINFO: cont 8:"C:\BaKoMa.TeX\BaKoMa\tex\etex\fontspec-etex\fontspec.sty"
)
SRCINFO: cont 1:"bmp_description.tex"
SRCINFO: open 8:"C:\BaKoMa.TeX\texmf\tex\latex\caption\caption.sty"

(C:\BaKoMa.TeX\texmf\tex\latex\caption\caption.sty
Package: caption 2016/02/21 v3.3-144 Customizing captions (AR)
SRCINFO: open 14:"C:\BaKoMa.TeX\texmf\tex\latex\caption\caption3.sty"

(C:\BaKoMa.TeX\texmf\tex\latex\caption\caption3.sty
Package: caption3 2016/05/22 v1.7-166 caption3 kernel (AR)
Package caption3 Info: TeX engine: e-TeX on input line 67.
\captionmargin=\dimen142
\captionmargin@=\dimen143
\captionwidth=\dimen144
\caption@tempdima=\dimen145
\caption@indent=\dimen146
\caption@parindent=\dimen147
\caption@hangindent=\dimen148
)
SRCINFO: cont 8:"C:\BaKoMa.TeX\texmf\tex\latex\caption\caption.sty"
\c@ContinuedFloat=\count104
)
SRCINFO: cont 1:"bmp_description.tex"
SRCINFO: open 8:"C:\BaKoMa.TeX\texmf\tex\latex\adjustbox\adjustbox.sty"

(C:\BaKoMa.TeX\texmf\tex\latex\adjustbox\adjustbox.sty
Package: adjustbox 2012/05/21 v1.0 Adjusting TeX boxes (trim, clip, ...)
SRCINFO: open 15:"C:\BaKoMa.TeX\texmf\tex\latex\xkeyval\xkeyval.sty"

(C:\BaKoMa.TeX\texmf\tex\latex\xkeyval\xkeyval.sty
Package: xkeyval 2014/12/03 v2.7a package option processing (HA)
SRCINFO: open 16:"C:\BaKoMa.TeX\texmf\tex\generic\xkeyval\xkeyval.tex"

(C:\BaKoMa.TeX\texmf\tex\generic\xkeyval\xkeyval.tex
SRCINFO: open 17:"C:\BaKoMa.TeX\texmf\tex\generic\xkeyval\xkvutils.tex"

(C:\BaKoMa.TeX\texmf\tex\generic\xkeyval\xkvutils.tex
\XKV@toks=\toks28
\XKV@tempa@toks=\toks29
)
SRCINFO: cont 16:"C:\BaKoMa.TeX\texmf\tex\generic\xkeyval\xkeyval.tex"
\XKV@depth=\count105
File: xkeyval.tex 2014/12/03 v2.7a key=value parser (HA)
)
SRCINFO: cont 15:"C:\BaKoMa.TeX\texmf\tex\latex\xkeyval\xkeyval.sty"
)
SRCINFO: cont 8:"C:\BaKoMa.TeX\texmf\tex\latex\adjustbox\adjustbox.sty"
SRCINFO: open 15:"C:\BaKoMa.TeX\texmf\tex\latex\adjustbox\adjcalc.sty"

(C:\BaKoMa.TeX\texmf\tex\latex\adjustbox\adjcalc.sty
Package: adjcalc 2012/05/16 v1.1 Provides advanced setlength with multiple back
-ends (calc, etex, pgfmath)
)
SRCINFO: cont 8:"C:\BaKoMa.TeX\texmf\tex\latex\adjustbox\adjustbox.sty"
SRCINFO: open 15:"C:\BaKoMa.TeX\texmf\tex\latex\adjustbox\trimclip.sty"

(C:\BaKoMa.TeX\texmf\tex\latex\adjustbox\trimclip.sty
Package: trimclip 2012/05/16 v1.0 Trim and clip general TeX material
SRCINFO: open 21:"C:\BaKoMa.TeX\texmf\tex\latex\collectbox\collectbox.sty"

(C:\BaKoMa.TeX\texmf\tex\latex\collectbox\collectbox.sty
Package: collectbox 2012/05/17 v0.4b Collect macro arguments as boxes
\collectedbox=\box44
)
SRCINFO: cont 15:"C:\BaKoMa.TeX\texmf\tex\latex\adjustbox\trimclip.sty"
\tc@llx=\dimen149
\tc@lly=\dimen150
\tc@urx=\dimen151
\tc@ury=\dimen152
Package trimclip Info: Using driver 'tc-dvips.def'.
SRCINFO: open 17:"C:\BaKoMa.TeX\texmf\tex\latex\adjustbox\tc-dvips.def"

(C:\BaKoMa.TeX\texmf\tex\latex\adjustbox\tc-dvips.def
File: tc-dvips.def 2012/05/13 v1.0 Clipping driver for dvips
)
SRCINFO: cont 15:"C:\BaKoMa.TeX\texmf\tex\latex\adjustbox\trimclip.sty"
)
SRCINFO: cont 8:"C:\BaKoMa.TeX\texmf\tex\latex\adjustbox\adjustbox.sty"
\adjbox@Width=\dimen153
\adjbox@Height=\dimen154
\adjbox@Depth=\dimen155
\adjbox@Totalheight=\dimen156
SRCINFO: open 15:"C:\BaKoMa.TeX\texmf\tex\latex\ifoddpage\ifoddpage.sty"

(C:\BaKoMa.TeX\texmf\tex\latex\ifoddpage\ifoddpage.sty
Package: ifoddpage 2016/04/23 v1.1 Conditionals for odd/even page detection
\c@checkoddpage=\count106
)
SRCINFO: cont 8:"C:\BaKoMa.TeX\texmf\tex\latex\adjustbox\adjustbox.sty"
SRCINFO: open 15:"C:\BaKoMa.TeX\texmf\tex\latex\varwidth\varwidth.sty"

(C:\BaKoMa.TeX\texmf\tex\latex\varwidth\varwidth.sty
Package: varwidth 2009/03/30 ver 0.92;  Variable-width minipages
\@vwid@box=\box45
\sift@deathcycles=\count107
\@vwid@loff=\dimen157
\@vwid@roff=\dimen158
)
SRCINFO: cont 8:"C:\BaKoMa.TeX\texmf\tex\latex\adjustbox\adjustbox.sty"
)
SRCINFO: cont 1:"bmp_description.tex"
SRCINFO: open 8:"C:\BaKoMa.TeX\texmf\tex\latex\float\float.sty"

(C:\BaKoMa.TeX\texmf\tex\latex\float\float.sty
Package: float 2001/11/08 v1.3d Float enhancements (AL)
\c@float@type=\count108
\float@exts=\toks30
\float@box=\box46
\@float@everytoks=\toks31
\@floatcapt=\box47
)
SRCINFO: cont 1:"bmp_description.tex"
SRCINFO: open 8:"C:\BaKoMa.TeX\texmf\tex\latex\tools\enumerate.sty"

(C:\BaKoMa.TeX\texmf\tex\latex\tools\enumerate.sty
Package: enumerate 2015/07/23 v3.00 enumerate extensions (DPC)
\@enLab=\toks32
)
SRCINFO: cont 1:"bmp_description.tex"
SRCINFO: open 8:"C:\BaKoMa.TeX\texmf\tex\latex\geometry\geometry.sty"

(C:\BaKoMa.TeX\texmf\tex\latex\geometry\geometry.sty
Package: geometry 2010/09/12 v5.6 Page Geometry
SRCINFO: open 15:"C:\BaKoMa.TeX\texmf\tex\generic\oberdiek\ifpdf.sty"

(C:\BaKoMa.TeX\texmf\tex\generic\oberdiek\ifpdf.sty
Package: ifpdf 2017/03/15 v3.2 Provides the ifpdf switch
)
SRCINFO: cont 8:"C:\BaKoMa.TeX\texmf\tex\latex\geometry\geometry.sty"
SRCINFO: open 15:"C:\BaKoMa.TeX\texmf\tex\generic\oberdiek\ifvtex.sty"

(C:\BaKoMa.TeX\texmf\tex\generic\oberdiek\ifvtex.sty
Package: ifvtex 2016/05/16 v1.6 Detect VTeX and its facilities (HO)
Package ifvtex Info: VTeX not detected.
)
SRCINFO: cont 8:"C:\BaKoMa.TeX\texmf\tex\latex\geometry\geometry.sty"
SRCINFO: open 15:"C:\BaKoMa.TeX\texmf\tex\generic\ifxetex\ifxetex.sty"

(C:\BaKoMa.TeX\texmf\tex\generic\ifxetex\ifxetex.sty
Package: ifxetex 2010/09/12 v0.6 Provides ifxetex conditional
)
SRCINFO: cont 8:"C:\BaKoMa.TeX\texmf\tex\latex\geometry\geometry.sty"
\Gm@cnth=\count109
\Gm@cntv=\count110
\c@Gm@tempcnt=\count111
\Gm@bindingoffset=\dimen159
\Gm@wd@mp=\dimen160
\Gm@odd@mp=\dimen161
\Gm@even@mp=\dimen162
\Gm@layoutwidth=\dimen163
\Gm@layoutheight=\dimen164
\Gm@layouthoffset=\dimen165
\Gm@layoutvoffset=\dimen166
\Gm@dimlist=\toks33
SRCINFO: open 11:"C:\BaKoMa.TeX\texmf\tex\latex\geometry\geometry.cfg"

(C:\BaKoMa.TeX\texmf\tex\latex\geometry\geometry.cfg)
SRCINFO: cont 8:"C:\BaKoMa.TeX\texmf\tex\latex\geometry\geometry.sty"
)
SRCINFO: cont 1:"bmp_description.tex"
SRCINFO: open 8:"C:\BaKoMa.TeX\texmf\tex\latex\amsmath\amsmath.sty"

(C:\BaKoMa.TeX\texmf\tex\latex\amsmath\amsmath.sty
Package: amsmath 2016/11/05 v2.16a AMS math features
\@mathmargin=\skip43

For additional information on amsmath, use the `?' option.
SRCINFO: open 14:"C:\BaKoMa.TeX\texmf\tex\latex\amsmath\amstext.sty"
(C:\BaKoMa.TeX\texmf\tex\latex\amsmath\amstext.sty
Package: amstext 2000/06/29 v2.01 AMS text
SRCINFO: open 21:"C:\BaKoMa.TeX\texmf\tex\latex\amsmath\amsgen.sty"

(C:\BaKoMa.TeX\texmf\tex\latex\amsmath\amsgen.sty
File: amsgen.sty 1999/11/30 v2.0 generic functions
\@emptytoks=\toks34
\ex@=\dimen167
)
SRCINFO: cont 14:"C:\BaKoMa.TeX\texmf\tex\latex\amsmath\amstext.sty"
)
SRCINFO: cont 8:"C:\BaKoMa.TeX\texmf\tex\latex\amsmath\amsmath.sty"
SRCINFO: open 14:"C:\BaKoMa.TeX\texmf\tex\latex\amsmath\amsbsy.sty"

(C:\BaKoMa.TeX\texmf\tex\latex\amsmath\amsbsy.sty
Package: amsbsy 1999/11/29 v1.2d Bold Symbols
\pmbraise@=\dimen168
)
SRCINFO: cont 8:"C:\BaKoMa.TeX\texmf\tex\latex\amsmath\amsmath.sty"
SRCINFO: open 14:"C:\BaKoMa.TeX\texmf\tex\latex\amsmath\amsopn.sty"

(C:\BaKoMa.TeX\texmf\tex\latex\amsmath\amsopn.sty
Package: amsopn 2016/03/08 v2.02 operator names
)
SRCINFO: cont 8:"C:\BaKoMa.TeX\texmf\tex\latex\amsmath\amsmath.sty"
\inf@bad=\count112
LaTeX Info: Redefining \frac on input line 213.
\uproot@=\count113
\leftroot@=\count114
LaTeX Info: Redefining \overline on input line 375.
\classnum@=\count115
\DOTSCASE@=\count116
LaTeX Info: Redefining \ldots on input line 472.
LaTeX Info: Redefining \dots on input line 475.
LaTeX Info: Redefining \cdots on input line 596.
\Mathstrutbox@=\box48
\strutbox@=\box49
\big@size=\dimen169
LaTeX Font Info:    Redeclaring font encoding OML on input line 712.
LaTeX Font Info:    Redeclaring font encoding OMS on input line 713.
\macc@depth=\count117
\c@MaxMatrixCols=\count118
\dotsspace@=\muskip10
\c@parentequation=\count119
\dspbrk@lvl=\count120
\tag@help=\toks35
\row@=\count121
\column@=\count122
\maxfields@=\count123
\andhelp@=\toks36
\eqnshift@=\dimen170
\alignsep@=\dimen171
\tagshift@=\dimen172
\tagwidth@=\dimen173
\totwidth@=\dimen174
\lineht@=\dimen175
\@envbody=\toks37
\multlinegap=\skip44
\multlinetaggap=\skip45
\mathdisplay@stack=\toks38
LaTeX Info: Redefining \[ on input line 2817.
LaTeX Info: Redefining \] on input line 2818.
)
SRCINFO: cont 1:"bmp_description.tex"
SRCINFO: open 8:"C:\BaKoMa.TeX\texmf\tex\latex\amsfonts\amssymb.sty"

(C:\BaKoMa.TeX\texmf\tex\latex\amsfonts\amssymb.sty
Package: amssymb 2013/01/14 v3.01 AMS font symbols
SRCINFO: open 14:"C:\BaKoMa.TeX\texmf\tex\latex\amsfonts\amsfonts.sty"

(C:\BaKoMa.TeX\texmf\tex\latex\amsfonts\amsfonts.sty
Package: amsfonts 2013/01/14 v3.01 Basic AMSFonts support
\symAMSa=\mathgroup4
\symAMSb=\mathgroup5
LaTeX Font Info:    Overwriting math alphabet `\mathfrak' in version `bold'
(Font)                  U/euf/m/n --> U/euf/b/n on input line 106.
)
SRCINFO: cont 8:"C:\BaKoMa.TeX\texmf\tex\latex\amsfonts\amssymb.sty"
)
SRCINFO: cont 1:"bmp_description.tex"
SRCINFO: open 8:"C:\BaKoMa.TeX\texmf\tex\latex\base\textcomp.sty"

(C:\BaKoMa.TeX\texmf\tex\latex\base\textcomp.sty
Package: textcomp 2017/04/05 v2.0i Standard LaTeX package
Package textcomp Info: Sub-encoding information:
(textcomp)               5 = only ISO-Adobe without \textcurrency
(textcomp)               4 = 5 + \texteuro
(textcomp)               3 = 4 + \textohm
(textcomp)               2 = 3 + \textestimated + \textcurrency
(textcomp)               1 = TS1 - \textcircled - \t
(textcomp)               0 = TS1 (full)
(textcomp)             Font families with sub-encoding setting implement
(textcomp)             only a restricted character set as indicated.
(textcomp)             Family '?' is the default used for unknown fonts.
(textcomp)             See the documentation for details.
Package textcomp Info: Setting ? sub-encoding to TS1/1 on input line 79.
SRCINFO: open 10:"C:\BaKoMa.TeX\texmf\tex\latex\base\ts1enc.def"

(C:\BaKoMa.TeX\texmf\tex\latex\base\ts1enc.def
File: ts1enc.def 2001/06/05 v3.0e (jk/car/fm) Standard LaTeX file
)
SRCINFO: cont 8:"C:\BaKoMa.TeX\texmf\tex\latex\base\textcomp.sty"
LaTeX Info: Redefining \oldstylenums on input line 334.
Package textcomp Info: Setting cmr sub-encoding to TS1/0 on input line 349.
Package textcomp Info: Setting cmss sub-encoding to TS1/0 on input line 350.
Package textcomp Info: Setting cmtt sub-encoding to TS1/0 on input line 351.
Package textcomp Info: Setting cmvtt sub-encoding to TS1/0 on input line 352.
Package textcomp Info: Setting cmbr sub-encoding to TS1/0 on input line 353.
Package textcomp Info: Setting cmtl sub-encoding to TS1/0 on input line 354.
Package textcomp Info: Setting ccr sub-encoding to TS1/0 on input line 355.
Package textcomp Info: Setting ptm sub-encoding to TS1/4 on input line 356.
Package textcomp Info: Setting pcr sub-encoding to TS1/4 on input line 357.
Package textcomp Info: Setting phv sub-encoding to TS1/4 on input line 358.
Package textcomp Info: Setting ppl sub-encoding to TS1/3 on input line 359.
Package textcomp Info: Setting pag sub-encoding to TS1/4 on input line 360.
Package textcomp Info: Setting pbk sub-encoding to TS1/4 on input line 361.
Package textcomp Info: Setting pnc sub-encoding to TS1/4 on input line 362.
Package textcomp Info: Setting pzc sub-encoding to TS1/4 on input line 363.
Package textcomp Info: Setting bch sub-encoding to TS1/4 on input line 364.
Package textcomp Info: Setting put sub-encoding to TS1/5 on input line 365.
Package textcomp Info: Setting uag sub-encoding to TS1/5 on input line 366.
Package textcomp Info: Setting ugq sub-encoding to TS1/5 on input line 367.
Package textcomp Info: Setting ul8 sub-encoding to TS1/4 on input line 368.
Package textcomp Info: Setting ul9 sub-encoding to TS1/4 on input line 369.
Package textcomp Info: Setting augie sub-encoding to TS1/5 on input line 370.
Package textcomp Info: Setting dayrom sub-encoding to TS1/3 on input line 371.
Package textcomp Info: Setting dayroms sub-encoding to TS1/3 on input line 372.

Package textcomp Info: Setting pxr sub-encoding to TS1/0 on input line 373.
Package textcomp Info: Setting pxss sub-encoding to TS1/0 on input line 374.
Package textcomp Info: Setting pxtt sub-encoding to TS1/0 on input line 375.
Package textcomp Info: Setting txr sub-encoding to TS1/0 on input line 376.
Package textcomp Info: Setting txss sub-encoding to TS1/0 on input line 377.
Package textcomp Info: Setting txtt sub-encoding to TS1/0 on input line 378.
Package textcomp Info: Setting lmr sub-encoding to TS1/0 on input line 379.
Package textcomp Info: Setting lmdh sub-encoding to TS1/0 on input line 380.
Package textcomp Info: Setting lmss sub-encoding to TS1/0 on input line 381.
Package textcomp Info: Setting lmssq sub-encoding to TS1/0 on input line 382.
Package textcomp Info: Setting lmvtt sub-encoding to TS1/0 on input line 383.
Package textcomp Info: Setting lmtt sub-encoding to TS1/0 on input line 384.
Package textcomp Info: Setting qhv sub-encoding to TS1/0 on input line 385.
Package textcomp Info: Setting qag sub-encoding to TS1/0 on input line 386.
Package textcomp Info: Setting qbk sub-encoding to TS1/0 on input line 387.
Package textcomp Info: Setting qcr sub-encoding to TS1/0 on input line 388.
Package textcomp Info: Setting qcs sub-encoding to TS1/0 on input line 389.
Package textcomp Info: Setting qpl sub-encoding to TS1/0 on input line 390.
Package textcomp Info: Setting qtm sub-encoding to TS1/0 on input line 391.
Package textcomp Info: Setting qzc sub-encoding to TS1/0 on input line 392.
Package textcomp Info: Setting qhvc sub-encoding to TS1/0 on input line 393.
Package textcomp Info: Setting futs sub-encoding to TS1/4 on input line 394.
Package textcomp Info: Setting futx sub-encoding to TS1/4 on input line 395.
Package textcomp Info: Setting futj sub-encoding to TS1/4 on input line 396.
Package textcomp Info: Setting hlh sub-encoding to TS1/3 on input line 397.
Package textcomp Info: Setting hls sub-encoding to TS1/3 on input line 398.
Package textcomp Info: Setting hlst sub-encoding to TS1/3 on input line 399.
Package textcomp Info: Setting hlct sub-encoding to TS1/5 on input line 400.
Package textcomp Info: Setting hlx sub-encoding to TS1/5 on input line 401.
Package textcomp Info: Setting hlce sub-encoding to TS1/5 on input line 402.
Package textcomp Info: Setting hlcn sub-encoding to TS1/5 on input line 403.
Package textcomp Info: Setting hlcw sub-encoding to TS1/5 on input line 404.
Package textcomp Info: Setting hlcf sub-encoding to TS1/5 on input line 405.
Package textcomp Info: Setting pplx sub-encoding to TS1/3 on input line 406.
Package textcomp Info: Setting pplj sub-encoding to TS1/3 on input line 407.
Package textcomp Info: Setting ptmx sub-encoding to TS1/4 on input line 408.
Package textcomp Info: Setting ptmj sub-encoding to TS1/4 on input line 409.
)
SRCINFO: cont 1:"bmp_description.tex"
SRCINFO: open 8:"C:\BaKoMa.TeX\texmf\tex\latex\upquote\upquote.sty"

(C:\BaKoMa.TeX\texmf\tex\latex\upquote\upquote.sty
Package: upquote 2012/04/19 v1.3 upright-quote and grave-accent glyphs in verba
tim
)
SRCINFO: cont 1:"bmp_description.tex"
SRCINFO: open 8:"C:\BaKoMa.TeX\texmf\tex\latex\eurosym\eurosym.sty"

(C:\BaKoMa.TeX\texmf\tex\latex\eurosym\eurosym.sty
Package: eurosym 1998/08/06 v1.1 European currency symbol ``Euro''
\@eurobox=\box50
)
SRCINFO: cont 1:"bmp_description.tex"
SRCINFO: open 8:"C:\BaKoMa.TeX\texmf\tex\latex\ucs\ucs.sty"

(C:\BaKoMa.TeX\texmf\tex\latex\ucs\ucs.sty
Package: ucs 2013/05/11 v2.2 UCS: Unicode input support
SRCINFO: open 10:"C:\BaKoMa.TeX\texmf\tex\latex\ucs\data\uni-global.def"

(C:\BaKoMa.TeX\texmf\tex\latex\ucs\data\uni-global.def
File: uni-global.def 2013/05/13 UCS: Unicode global data
)
SRCINFO: cont 8:"C:\BaKoMa.TeX\texmf\tex\latex\ucs\ucs.sty"
\uc@secondtry=\count124
\uc@combtoks=\toks39
\uc@combtoksb=\toks40
\uc@temptokena=\toks41
)
SRCINFO: cont 1:"bmp_description.tex"
SRCINFO: open 8:"C:\BaKoMa.TeX\texmf\tex\latex\fancyvrb\fancyvrb.sty"

(C:\BaKoMa.TeX\texmf\tex\latex\fancyvrb\fancyvrb.sty
Package: fancyvrb 2008/02/07

Style option: `fancyvrb' v2.7a, with DG/SPQR fixes, and firstline=lastline fix 
<2008/02/07> (tvz)
\FV@CodeLineNo=\count125
\FV@InFile=\read3
\FV@TabBox=\box51
\c@FancyVerbLine=\count126
\FV@StepNumber=\count127
\FV@OutFile=\write7
)
SRCINFO: cont 1:"bmp_description.tex"
SRCINFO: open 8:"C:\BaKoMa.TeX\texmf\tex\latex\oberdiek\grffile.sty"
 (C:\BaKoMa.TeX\texmf\tex\latex\oberdiek\grffile.sty
Package: grffile 2016/05/16 v1.17 Extended file name support for graphics (HO)
SRCINFO: open 14:"C:\BaKoMa.TeX\texmf\tex\latex\oberdiek\kvoptions.sty"

(C:\BaKoMa.TeX\texmf\tex\latex\oberdiek\kvoptions.sty
Package: kvoptions 2016/05/16 v3.12 Key value format for package options (HO)
SRCINFO: open 20:"C:\BaKoMa.TeX\texmf\tex\generic\oberdiek\ltxcmds.sty"

(C:\BaKoMa.TeX\texmf\tex\generic\oberdiek\ltxcmds.sty
Package: ltxcmds 2016/05/16 v1.23 LaTeX kernel commands for general use (HO)
)
SRCINFO: cont 14:"C:\BaKoMa.TeX\texmf\tex\latex\oberdiek\kvoptions.sty"
SRCINFO: open 20:"C:\BaKoMa.TeX\texmf\tex\generic\oberdiek\kvsetkeys.sty"

(C:\BaKoMa.TeX\texmf\tex\generic\oberdiek\kvsetkeys.sty
Package: kvsetkeys 2016/05/16 v1.17 Key value parser (HO)
SRCINFO: open 26:"C:\BaKoMa.TeX\texmf\tex\generic\oberdiek\infwarerr.sty"

(C:\BaKoMa.TeX\texmf\tex\generic\oberdiek\infwarerr.sty
Package: infwarerr 2016/05/16 v1.4 Providing info/warning/error messages (HO)
)
SRCINFO: cont 20:"C:\BaKoMa.TeX\texmf\tex\generic\oberdiek\kvsetkeys.sty"
SRCINFO: open 26:"C:\BaKoMa.TeX\texmf\tex\generic\oberdiek\etexcmds.sty"

(C:\BaKoMa.TeX\texmf\tex\generic\oberdiek\etexcmds.sty
Package: etexcmds 2016/05/16 v1.6 Avoid name clashes with e-TeX commands (HO)
SRCINFO: open 32:"C:\BaKoMa.TeX\texmf\tex\generic\oberdiek\ifluatex.sty"

(C:\BaKoMa.TeX\texmf\tex\generic\oberdiek\ifluatex.sty
Package: ifluatex 2016/05/16 v1.4 Provides the ifluatex switch (HO)
Package ifluatex Info: LuaTeX not detected.
)
SRCINFO: cont 26:"C:\BaKoMa.TeX\texmf\tex\generic\oberdiek\etexcmds.sty"
Package etexcmds Info: Could not find \expanded.
(etexcmds)             That can mean that you are not using pdfTeX 1.50 or
(etexcmds)             that some package has redefined \expanded.
(etexcmds)             In the latter case, load this package earlier.
)
SRCINFO: cont 20:"C:\BaKoMa.TeX\texmf\tex\generic\oberdiek\kvsetkeys.sty"
)
SRCINFO: cont 14:"C:\BaKoMa.TeX\texmf\tex\latex\oberdiek\kvoptions.sty"
)
SRCINFO: cont 8:"C:\BaKoMa.TeX\texmf\tex\latex\oberdiek\grffile.sty"
SRCINFO: open 14:"C:\BaKoMa.TeX\texmf\tex\generic\oberdiek\pdftexcmds.sty"

(C:\BaKoMa.TeX\texmf\tex\generic\oberdiek\pdftexcmds.sty
Package: pdftexcmds 2017/03/19 v0.25 Utility functions of pdfTeX for LuaTeX (HO
)
Package pdftexcmds Info: LuaTeX not detected.
Package pdftexcmds Info: pdfTeX >= 1.30 not detected.
Package pdftexcmds Info: \pdf@primitive is not available.
Package pdftexcmds Info: \pdf@ifprimitive is not available.
Package pdftexcmds Info: \pdfdraftmode not found.
)
SRCINFO: cont 8:"C:\BaKoMa.TeX\texmf\tex\latex\oberdiek\grffile.sty"
Package grffile Info: Option `multidot' is set to `true'.
Package grffile Info: Option `extendedchars' is set to `false'.
Package grffile Info: Option `space' is set to `false'.
Package grffile Info: \Gin@ii of package `graphicx' fixed on input line 486.
)
SRCINFO: cont 1:"bmp_description.tex"
SRCINFO: open 8:"C:\BaKoMa.TeX\texmf\tex\latex\hyperref\hyperref.sty"

(C:\BaKoMa.TeX\texmf\tex\latex\hyperref\hyperref.sty
Package: hyperref 2017/03/14 v6.85a Hypertext links for LaTeX
SRCINFO: open 14:"C:\BaKoMa.TeX\texmf\tex\generic\oberdiek\hobsub-hyperref.sty"

(C:\BaKoMa.TeX\texmf\tex\generic\oberdiek\hobsub-hyperref.sty
Package: hobsub-hyperref 2016/05/16 v1.14 Bundle oberdiek, subset hyperref (HO)

SRCINFO: open 20:"C:\BaKoMa.TeX\texmf\tex\generic\oberdiek\hobsub-generic.sty"

(C:\BaKoMa.TeX\texmf\tex\generic\oberdiek\hobsub-generic.sty
Package: hobsub-generic 2016/05/16 v1.14 Bundle oberdiek, subset generic (HO)
Package: hobsub 2016/05/16 v1.14 Construct package bundles (HO)
Package hobsub Info: Skipping package `infwarerr' (already loaded).
Package hobsub Info: Skipping package `ltxcmds' (already loaded).
Package hobsub Info: Skipping package `ifluatex' (already loaded).
Package hobsub Info: Skipping package `ifvtex' (already loaded).
Package: intcalc 2016/05/16 v1.2 Expandable calculations with integers (HO)
Package hobsub Info: Skipping package `ifpdf' (already loaded).
Package hobsub Info: Skipping package `etexcmds' (already loaded).
Package hobsub Info: Skipping package `kvsetkeys' (already loaded).
Package: kvdefinekeys 2016/05/16 v1.4 Define keys (HO)
Package hobsub Info: Skipping package `pdftexcmds' (already loaded).
Package: pdfescape 2016/05/16 v1.14 Implements pdfTeX's escape features (HO)
Package: bigintcalc 2016/05/16 v1.4 Expandable calculations on big integers (HO
)
Package: bitset 2016/05/16 v1.2 Handle bit-vector datatype (HO)
Package: uniquecounter 2016/05/16 v1.3 Provide unlimited unique counter (HO)
)
SRCINFO: cont 14:"C:\BaKoMa.TeX\texmf\tex\generic\oberdiek\hobsub-hyperref.sty"
Package hobsub Info: Skipping package `hobsub' (already loaded).
Package: letltxmacro 2016/05/16 v1.5 Let assignment for LaTeX macros (HO)
Package: hopatch 2016/05/16 v1.3 Wrapper for package hooks (HO)
Package: xcolor-patch 2016/05/16 xcolor patch
Package: atveryend 2016/05/16 v1.9 Hooks at the very end of document (HO)
Package: atbegshi 2016/06/09 v1.18 At begin shipout hook (HO)
Package: refcount 2016/05/16 v3.5 Data extraction from label references (HO)
Package: hycolor 2016/05/16 v1.8 Color options for hyperref/bookmark (HO)
)
SRCINFO: cont 8:"C:\BaKoMa.TeX\texmf\tex\latex\hyperref\hyperref.sty"
SRCINFO: open 14:"C:\BaKoMa.TeX\texmf\tex\latex\oberdiek\auxhook.sty"

(C:\BaKoMa.TeX\texmf\tex\latex\oberdiek\auxhook.sty
Package: auxhook 2016/05/16 v1.4 Hooks for auxiliary files (HO)
)
SRCINFO: cont 8:"C:\BaKoMa.TeX\texmf\tex\latex\hyperref\hyperref.sty"
\@linkdim=\dimen176
\Hy@linkcounter=\count128
\Hy@pagecounter=\count129
SRCINFO: open 12:"C:\BaKoMa.TeX\texmf\tex\latex\hyperref\pd1enc.def"

(C:\BaKoMa.TeX\texmf\tex\latex\hyperref\pd1enc.def
File: pd1enc.def 2017/03/14 v6.85a Hyperref: PDFDocEncoding definition (HO)
)
SRCINFO: cont 8:"C:\BaKoMa.TeX\texmf\tex\latex\hyperref\hyperref.sty"
\Hy@SavedSpaceFactor=\count130
SRCINFO: open 10:"C:\BaKoMa.TeX\BaKoMa\tex\latex\hyperref.cfg"

(C:\BaKoMa.TeX\BaKoMa\tex\latex\hyperref.cfg)
SRCINFO: cont 8:"C:\BaKoMa.TeX\texmf\tex\latex\hyperref\hyperref.sty"
Package hyperref Info: Hyper figures OFF on input line 4498.
Package hyperref Info: Link nesting OFF on input line 4503.
Package hyperref Info: Hyper index ON on input line 4506.
Package hyperref Info: Plain pages OFF on input line 4513.
Package hyperref Info: Backreferencing OFF on input line 4518.
Package hyperref Info: Implicit mode ON; LaTeX internals redefined.
Package hyperref Info: Bookmarks ON on input line 4751.
\c@Hy@tempcnt=\count131
SRCINFO: open 15:"C:\BaKoMa.TeX\texmf\tex\latex\url\url.sty"

(C:\BaKoMa.TeX\texmf\tex\latex\url\url.sty
\Urlmuskip=\muskip11
Package: url 2013/09/16  ver 3.4  Verb mode for urls, etc.
)
SRCINFO: cont 8:"C:\BaKoMa.TeX\texmf\tex\latex\hyperref\hyperref.sty"
LaTeX Info: Redefining \url on input line 5104.
\XeTeXLinkMargin=\dimen177
\Fld@menulength=\count132
\Field@Width=\dimen178
\Fld@charsize=\dimen179
Package hyperref Info: Hyper figures OFF on input line 6358.
Package hyperref Info: Link nesting OFF on input line 6363.
Package hyperref Info: Hyper index ON on input line 6366.
Package hyperref Info: backreferencing OFF on input line 6373.
Package hyperref Info: Link coloring OFF on input line 6378.
Package hyperref Info: Link coloring with OCG OFF on input line 6383.
Package hyperref Info: PDF/A mode OFF on input line 6388.
LaTeX Info: Redefining \ref on input line 6428.
LaTeX Info: Redefining \pageref on input line 6432.
\Hy@abspage=\count133
\c@Item=\count134
\c@Hfootnote=\count135
)
SRCINFO: cont 1:"bmp_description.tex"


Package hyperref Message: Driver: hBaKoMaX0.

SRCINFO: open 10:"C:\BaKoMa.TeX\BaKoMa\tex\latex\hBaKoMaX0.def"
(C:\BaKoMa.TeX\BaKoMa\tex\latex\hBaKoMaX0.def
File: hbakomaX0.def 2017/03/14 v6.85a Hyperref driver for BaKoMa TeX 11.37
SRCINFO: open 12:"C:\BaKoMa.TeX\texmf\tex\latex\hyperref\pdfmark.def"

(C:\BaKoMa.TeX\texmf\tex\latex\hyperref\pdfmark.def
File: pdfmark.def 2017/03/14 v6.85a Hyperref definitions for pdfmark specials
\pdf@docset=\toks42
\pdf@box=\box52
\pdf@toks=\toks43
\pdf@defaulttoks=\toks44
\HyField@AnnotCount=\count136
\Fld@listcount=\count137
\c@bookmark@seq@number=\count138
SRCINFO: open 18:"C:\BaKoMa.TeX\texmf\tex\latex\oberdiek\rerunfilecheck.sty"

(C:\BaKoMa.TeX\texmf\tex\latex\oberdiek\rerunfilecheck.sty
Package: rerunfilecheck 2016/05/16 v1.8 Rerun checks for auxiliary files (HO)
Package uniquecounter Info: New unique counter `rerunfilecheck' on input line 2
82.
)
SRCINFO: cont 12:"C:\BaKoMa.TeX\texmf\tex\latex\hyperref\pdfmark.def"
\Hy@SectionHShift=\skip46
)
SRCINFO: cont 10:"C:\BaKoMa.TeX\BaKoMa\tex\latex\hBaKoMaX0.def"
)
SRCINFO: cont 1:"bmp_description.tex"
SRCINFO: open 8:"C:\BaKoMa.TeX\texmf\tex\latex\titling\titling.sty"

(C:\BaKoMa.TeX\texmf\tex\latex\titling\titling.sty
Package: titling 2009/09/04 v2.1d maketitle typesetting
\thanksmarkwidth=\skip47
\thanksmargin=\skip48
\droptitle=\skip49
)
SRCINFO: cont 1:"bmp_description.tex"
SRCINFO: open 8:"C:\BaKoMa.TeX\texmf\tex\latex\tools\longtable.sty"

(C:\BaKoMa.TeX\texmf\tex\latex\tools\longtable.sty
Package: longtable 2014/10/28 v4.11 Multi-page Table package (DPC)
\LTleft=\skip50
\LTright=\skip51
\LTpre=\skip52
\LTpost=\skip53
\LTchunksize=\count139
\LTcapwidth=\dimen180
\LT@head=\box53
\LT@firsthead=\box54
\LT@foot=\box55
\LT@lastfoot=\box56
\LT@cols=\count140
\LT@rows=\count141
\c@LT@tables=\count142
\c@LT@chunks=\count143
\LT@p@ftn=\toks45
)
SRCINFO: cont 1:"bmp_description.tex"
SRCINFO: open 8:"C:\BaKoMa.TeX\texmf\tex\latex\booktabs\booktabs.sty"

(C:\BaKoMa.TeX\texmf\tex\latex\booktabs\booktabs.sty
Package: booktabs 2016/04/27 v1.618033 publication quality tables
\heavyrulewidth=\dimen181
\lightrulewidth=\dimen182
\cmidrulewidth=\dimen183
\belowrulesep=\dimen184
\belowbottomsep=\dimen185
\aboverulesep=\dimen186
\abovetopsep=\dimen187
\cmidrulesep=\dimen188
\cmidrulekern=\dimen189
\defaultaddspace=\dimen190
\@cmidla=\count144
\@cmidlb=\count145
\@aboverulesep=\dimen191
\@belowrulesep=\dimen192
\@thisruleclass=\count146
\@lastruleclass=\count147
\@thisrulewidth=\dimen193
)
SRCINFO: cont 1:"bmp_description.tex"
SRCINFO: open 8:"C:\BaKoMa.TeX\texmf\tex\latex\enumitem\enumitem.sty"

(C:\BaKoMa.TeX\texmf\tex\latex\enumitem\enumitem.sty
Package: enumitem 2011/09/28 v3.5.2 Customized lists
\labelindent=\skip54
\enit@outerparindent=\dimen194
\enit@toks=\toks46
\enit@inbox=\box57
\enitdp@description=\count148
)
SRCINFO: cont 1:"bmp_description.tex"
SRCINFO: open 8:"C:\BaKoMa.TeX\texmf\tex\generic\ulem\ulem.sty"

(C:\BaKoMa.TeX\texmf\tex\generic\ulem\ulem.sty
\UL@box=\box58
\UL@hyphenbox=\box59
\UL@skip=\skip55
\UL@hook=\toks47
\UL@height=\dimen195
\UL@pe=\count149
\UL@pixel=\dimen196
\ULC@box=\box60
Package: ulem 2012/05/18
\ULdepth=\dimen197
)
SRCINFO: cont 1:"bmp_description.tex"
SRCINFO: open 8:"C:\BaKoMa.TeX\texmf\tex\latex\jknapltx\mathrsfs.sty"

(C:\BaKoMa.TeX\texmf\tex\latex\jknapltx\mathrsfs.sty
Package: mathrsfs 1996/01/01 Math RSFS package v1.0 (jk)
\symrsfs=\mathgroup6
)
SRCINFO: cont 1:"bmp_description.tex"


! LaTeX Error: Missing \begin{document}.

See the LaTeX manual or LaTeX Companion for explanation.
Type  H <return>  for immediate help.
 ...                                              
                                                  
l.151 Stata}{U
              sing bayesmixedlogit and bayesmixedlogitwtp in Stata}
? 
! Emergency stop.
 ...                                              
                                                  
l.151 Stata}{U
              sing bayesmixedlogit and bayesmixedlogitwtp in Stata}
You're in trouble here.  Try typing  <return>  to proceed.
If that doesn't work, type  X <return>  to quit.

 
Here is how much of TeX's memory you used:
 19132 strings out of 73860
 341482 string characters out of 917702
 437914 words of memory out of 1400001
 22359 multiletter control sequences out of 10000+60000
 4046 words of font info for 16 fonts, out of 800000 for 1000
 1141 hyphenation exceptions out of 10000
 54i,0n,73p,902b,87s stack positions out of 1300i,100n,1500p,30000b,4000s
No pages of output.
